<?xml version="1.0" encoding="UTF-8"?>
<testsuite xmlns:xsi="http://www.w3.org/2001/XMLSchema-instance" xsi:noNamespaceSchemaLocation="https://maven.apache.org/surefire/maven-surefire-plugin/xsd/surefire-test-report-3.0.xsd" version="3.0" name="com.auction.service.VehicleServiceTest" time="0.791" tests="8" errors="0" skipped="0" failures="0">
  <properties>
[...]
</properties>
  <testcase name="testAddVehicle_InsufficientPermissions" classname="com.auction.service.VehicleServiceTest" time="0.08"/>
  <testcase name="testAddVehicle_Success" classname="com.auction.service.VehicleServiceTest" time="0.017"/>
  <testcase name="testFindAll_Success" classname="com.auction.service.VehicleServiceTest" time="0.004"/>
  <testcase name="testFindById_Success" classname="com.auction.service.VehicleServiceTest" time="0.631"/>
  <testcase name="testAddVehicle_ValidationError" classname="com.auction.service.VehicleServiceTest" time="0.008"/>
  <testcase name="testDeleteVehicle_Success" classname="com.auction.service.VehicleServiceTest" time="0.011"/>
  <testcase name="testFindById_NotFound" classname="com.auction.service.VehicleServiceTest" time="0.014"/>
  <testcase name="testGetAllBrands_Success" classname="com.auction.service.VehicleServiceTest" time="0.013"/>
</testsuite>